!SESSION 2016-03-16 17:51:13.081 -----------------------------------------------
eclipse.buildId=4.4.0.I20140606-1215
java.version=1.8.0_73
java.vendor=Oracle Corporation
BootLoader constants: OS=win32, ARCH=x86_64, WS=win32, NL=en_US
Framework arguments:  -product org.eclipse.epp.package.standard.product
Command-line arguments:  -os win32 -ws win32 -arch x86_64 -product org.eclipse.epp.package.standard.product

!ENTRY org.eclipse.egit.ui 2 0 2016-03-16 18:01:50.881
!MESSAGE Warning: The environment variable HOME is not set. The following directory will be used to store the Git
user global configuration and to define the default location to store repositories: 'C:\Users\lucy'. If this is
not correct please set the HOME environment variable and restart Eclipse. Otherwise Git for Windows and
EGit might behave differently since they see different configuration options.
This warning can be switched off on the Team > Git > Confirmations and Warnings preference page.

!ENTRY org.eclipse.ui 2 2 2016-03-16 18:01:54.253
!MESSAGE Invalid preference category path: org.eclipse.mylyn.preferencePages.Mylyn (bundle: org.eclipse.mylyn.context.ui, page: org.eclipse.mylyn.context.ui.preferences)

!ENTRY org.python.pydev.shared_core 1 1 2016-03-16 18:02:18.860
!MESSAGE Information about process of adding new interpreter:
- Opening dialog to request executable (or jar).
- Chosen interpreter (name and file):'Tuple [Anaconda -- C:\Users\lucy\Anaconda2\python.exe]
- Ok, file is non-null. Getting info on:C:\Users\lucy\Anaconda2\python.exe
- Beggining task:Getting libs totalWork:100
- Setting task name:Mounting executable string...
- Setting task name:Executing:  C:\Users\lucy\Anaconda2\python.exe -u C:\Users\lucy\.eclipse\org.eclipse.platform_4.4.0_2049681907_win32_win32_x86_64\plugins\org.python.pydev_4.3.0.201508182223\pysrc\interpreterInfo.py
- Setting task name:Making pythonpath environment... C:\Users\lucy\Anaconda2\python.exe -u C:\Users\lucy\.eclipse\org.eclipse.platform_4.4.0_2049681907_win32_win32_x86_64\plugins\org.python.pydev_4.3.0.201508182223\pysrc\interpreterInfo.py
- Setting task name:Making exec... C:\Users\lucy\Anaconda2\python.exe -u C:\Users\lucy\.eclipse\org.eclipse.platform_4.4.0_2049681907_win32_win32_x86_64\plugins\org.python.pydev_4.3.0.201508182223\pysrc\interpreterInfo.py
- Setting task name:Reading output...
- Setting task name:Waiting for process to finish.
- Success getting the info. Result:<xml>
<name>Anaconda</name>
<version>2.7</version>
<executable>C:\Users\lucy\Anaconda2\python.exe</executable>
<lib>C:\Users\lucy\Anaconda2\lib\site-packages\windmill-1.6-py2.7.egg</lib>
<lib>C:\Users\lucy\Anaconda2\DLLs</lib>
<lib>C:\Users\lucy\Anaconda2\lib</lib>
<lib>C:\Users\lucy\Anaconda2\lib\lib-tk</lib>
<lib>C:\Users\lucy\Anaconda2</lib>
<lib>C:\Users\lucy\Anaconda2\lib\site-packages</lib>
<lib>C:\Users\lucy\Anaconda2\lib\site-packages\Sphinx-1.3.5-py2.7.egg</lib>
<lib>C:\Users\lucy\Anaconda2\lib\site-packages\cryptography-1.0.2-py2.7-win-amd64.egg</lib>
<lib>C:\Users\lucy\Anaconda2\lib\site-packages\win32</lib>
<lib>C:\Users\lucy\Anaconda2\lib\site-packages\win32\lib</lib>
<lib>C:\Users\lucy\Anaconda2\lib\site-packages\Pythonwin</lib>
<lib>C:\Users\lucy\Anaconda2\lib\site-packages\setuptools-20.2.2-py2.7.egg</lib>
<forced_lib>Image</forced_lib>
<forced_lib>OpenGL</forced_lib>
<forced_lib>__builtin__</forced_lib>
<forced_lib>__main__</forced_lib>
<forced_lib>_ast</forced_lib>
<forced_lib>_bisect</forced_lib>
<forced_lib>_bytesio</forced_lib>
<forced_lib>_codecs</forced_lib>
<forced_lib>_codecs_cn</forced_lib>
<forced_lib>_codecs_hk</forced_lib>
<forced_lib>_codecs_iso2022</forced_lib>
<forced_lib>_codecs_jp</forced_lib>
<forced_lib>_codecs_kr</forced_lib>
<forced_lib>_codecs_tw</forced_lib>
<forced_lib>_collections</forced_lib>
<forced_lib>_csv</forced_lib>
<forced_lib>_fileio</forced_lib>
<forced_lib>_functools</forced_lib>
<forced_lib>_heapq</forced_lib>
<forced_lib>_hotshot</forced_lib>
<forced_lib>_io</forced_lib>
<forced_lib>_json</forced_lib>
<forced_lib>_locale</forced_lib>
<forced_lib>_lsprof</forced_lib>
<forced_lib>_md5</forced_lib>
<forced_lib>_multibytecodec</forced_lib>
<forced_lib>_random</forced_lib>
<forced_lib>_sha</forced_lib>
<forced_lib>_sha256</forced_lib>
<forced_lib>_sha512</forced_lib>
<forced_lib>_sre</forced_lib>
<forced_lib>_struct</forced_lib>
<forced_lib>_subprocess</forced_lib>
<forced_lib>_symtable</forced_lib>
<forced_lib>_warnings</forced_lib>
<forced_lib>_weakref</forced_lib>
<forced_lib>_winreg</forced_lib>
<forced_lib>array</forced_lib>
<forced_lib>astropy</forced_lib>
<forced_lib>astropy.units</forced_lib>
<forced_lib>audioop</forced_lib>
<forced_lib>binascii</forced_lib>
<forced_lib>cPickle</forced_lib>
<forced_lib>cStringIO</forced_lib>
<forced_lib>cmath</forced_lib>
<forced_lib>datetime</forced_lib>
<forced_lib>email</forced_lib>
<forced_lib>errno</forced_lib>
<forced_lib>exceptions</forced_lib>
<forced_lib>future_builtins</forced_lib>
<forced_lib>gc</forced_lib>
<forced_lib>hashlib</forced_lib>
<forced_lib>imageop</forced_lib>
<forced_lib>imp</forced_lib>
<forced_lib>itertools</forced_lib>
<forced_lib>marshal</forced_lib>
<forced_lib>math</forced_lib>
<forced_lib>mmap</forced_lib>
<forced_lib>msvcrt</forced_lib>
<forced_lib>nose</forced_lib>
<forced_lib>nose.tools</forced_lib>
<forced_lib>nt</forced_lib>
<forced_lib>numpy</forced_lib>
<forced_lib>operator</forced_lib>
<forced_lib>os</forced_lib>
<forced_lib>os.path</forced_lib>
<forced_lib>parser</forced_lib>
<forced_lib>pytest</forced_lib>
<forced_lib>scipy</forced_lib>
<forced_lib>signal</forced_lib>
<forced_lib>socket</forced_lib>
<forced_lib>strop</forced_lib>
<forced_lib>sys</forced_lib>
<forced_lib>thread</forced_lib>
<forced_lib>time</forced_lib>
<forced_lib>werkzeug</forced_lib>
<forced_lib>wx</forced_lib>
<forced_lib>wxPython</forced_lib>
<forced_lib>xxsubtype</forced_lib>
<forced_lib>zipimport</forced_lib>
<forced_lib>zlib</forced_lib>
</xml>

!STACK 0
java.lang.RuntimeException: Information about process of adding new interpreter:
- Opening dialog to request executable (or jar).
- Chosen interpreter (name and file):'Tuple [Anaconda -- C:\Users\lucy\Anaconda2\python.exe]
- Ok, file is non-null. Getting info on:C:\Users\lucy\Anaconda2\python.exe
- Beggining task:Getting libs totalWork:100
- Setting task name:Mounting executable string...
- Setting task name:Executing:  C:\Users\lucy\Anaconda2\python.exe -u C:\Users\lucy\.eclipse\org.eclipse.platform_4.4.0_2049681907_win32_win32_x86_64\plugins\org.python.pydev_4.3.0.201508182223\pysrc\interpreterInfo.py
- Setting task name:Making pythonpath environment... C:\Users\lucy\Anaconda2\python.exe -u C:\Users\lucy\.eclipse\org.eclipse.platform_4.4.0_2049681907_win32_win32_x86_64\plugins\org.python.pydev_4.3.0.201508182223\pysrc\interpreterInfo.py
- Setting task name:Making exec... C:\Users\lucy\Anaconda2\python.exe -u C:\Users\lucy\.eclipse\org.eclipse.platform_4.4.0_2049681907_win32_win32_x86_64\plugins\org.python.pydev_4.3.0.201508182223\pysrc\interpreterInfo.py
- Setting task name:Reading output...
- Setting task name:Waiting for process to finish.
- Success getting the info. Result:<xml>
<name>Anaconda</name>
<version>2.7</version>
<executable>C:\Users\lucy\Anaconda2\python.exe</executable>
<lib>C:\Users\lucy\Anaconda2\lib\site-packages\windmill-1.6-py2.7.egg</lib>
<lib>C:\Users\lucy\Anaconda2\DLLs</lib>
<lib>C:\Users\lucy\Anaconda2\lib</lib>
<lib>C:\Users\lucy\Anaconda2\lib\lib-tk</lib>
<lib>C:\Users\lucy\Anaconda2</lib>
<lib>C:\Users\lucy\Anaconda2\lib\site-packages</lib>
<lib>C:\Users\lucy\Anaconda2\lib\site-packages\Sphinx-1.3.5-py2.7.egg</lib>
<lib>C:\Users\lucy\Anaconda2\lib\site-packages\cryptography-1.0.2-py2.7-win-amd64.egg</lib>
<lib>C:\Users\lucy\Anaconda2\lib\site-packages\win32</lib>
<lib>C:\Users\lucy\Anaconda2\lib\site-packages\win32\lib</lib>
<lib>C:\Users\lucy\Anaconda2\lib\site-packages\Pythonwin</lib>
<lib>C:\Users\lucy\Anaconda2\lib\site-packages\setuptools-20.2.2-py2.7.egg</lib>
<forced_lib>Image</forced_lib>
<forced_lib>OpenGL</forced_lib>
<forced_lib>__builtin__</forced_lib>
<forced_lib>__main__</forced_lib>
<forced_lib>_ast</forced_lib>
<forced_lib>_bisect</forced_lib>
<forced_lib>_bytesio</forced_lib>
<forced_lib>_codecs</forced_lib>
<forced_lib>_codecs_cn</forced_lib>
<forced_lib>_codecs_hk</forced_lib>
<forced_lib>_codecs_iso2022</forced_lib>
<forced_lib>_codecs_jp</forced_lib>
<forced_lib>_codecs_kr</forced_lib>
<forced_lib>_codecs_tw</forced_lib>
<forced_lib>_collections</forced_lib>
<forced_lib>_csv</forced_lib>
<forced_lib>_fileio</forced_lib>
<forced_lib>_functools</forced_lib>
<forced_lib>_heapq</forced_lib>
<forced_lib>_hotshot</forced_lib>
<forced_lib>_io</forced_lib>
<forced_lib>_json</forced_lib>
<forced_lib>_locale</forced_lib>
<forced_lib>_lsprof</forced_lib>
<forced_lib>_md5</forced_lib>
<forced_lib>_multibytecodec</forced_lib>
<forced_lib>_random</forced_lib>
<forced_lib>_sha</forced_lib>
<forced_lib>_sha256</forced_lib>
<forced_lib>_sha512</forced_lib>
<forced_lib>_sre</forced_lib>
<forced_lib>_struct</forced_lib>
<forced_lib>_subprocess</forced_lib>
<forced_lib>_symtable</forced_lib>
<forced_lib>_warnings</forced_lib>
<forced_lib>_weakref</forced_lib>
<forced_lib>_winreg</forced_lib>
<forced_lib>array</forced_lib>
<forced_lib>astropy</forced_lib>
<forced_lib>astropy.units</forced_lib>
<forced_lib>audioop</forced_lib>
<forced_lib>binascii</forced_lib>
<forced_lib>cPickle</forced_lib>
<forced_lib>cStringIO</forced_lib>
<forced_lib>cmath</forced_lib>
<forced_lib>datetime</forced_lib>
<forced_lib>email</forced_lib>
<forced_lib>errno</forced_lib>
<forced_lib>exceptions</forced_lib>
<forced_lib>future_builtins</forced_lib>
<forced_lib>gc</forced_lib>
<forced_lib>hashlib</forced_lib>
<forced_lib>imageop</forced_lib>
<forced_lib>imp</forced_lib>
<forced_lib>itertools</forced_lib>
<forced_lib>marshal</forced_lib>
<forced_lib>math</forced_lib>
<forced_lib>mmap</forced_lib>
<forced_lib>msvcrt</forced_lib>
<forced_lib>nose</forced_lib>
<forced_lib>nose.tools</forced_lib>
<forced_lib>nt</forced_lib>
<forced_lib>numpy</forced_lib>
<forced_lib>operator</forced_lib>
<forced_lib>os</forced_lib>
<forced_lib>os.path</forced_lib>
<forced_lib>parser</forced_lib>
<forced_lib>pytest</forced_lib>
<forced_lib>scipy</forced_lib>
<forced_lib>signal</forced_lib>
<forced_lib>socket</forced_lib>
<forced_lib>strop</forced_lib>
<forced_lib>sys</forced_lib>
<forced_lib>thread</forced_lib>
<forced_lib>time</forced_lib>
<forced_lib>werkzeug</forced_lib>
<forced_lib>wx</forced_lib>
<forced_lib>wxPython</forced_lib>
<forced_lib>xxsubtype</forced_lib>
<forced_lib>zipimport</forced_lib>
<forced_lib>zlib</forced_lib>
</xml>

	at org.python.pydev.core.log.Log.logInfo(Log.java:66)
	at org.python.pydev.ui.pythonpathconf.AbstractInterpreterEditor.getNewInputObject(AbstractInterpreterEditor.java:977)
	at org.python.copiedfromeclipsesrc.PythonListEditor.addPressed(PythonListEditor.java:132)
	at org.python.copiedfromeclipsesrc.PythonListEditor$1.widgetSelected(PythonListEditor.java:223)
	at org.eclipse.swt.widgets.TypedListener.handleEvent(TypedListener.java:248)
	at org.eclipse.swt.widgets.EventTable.sendEvent(EventTable.java:84)
	at org.eclipse.swt.widgets.Display.sendEvent(Display.java:4353)
	at org.eclipse.swt.widgets.Widget.sendEvent(Widget.java:1061)
	at org.eclipse.swt.widgets.Display.runDeferredEvents(Display.java:4172)
	at org.eclipse.swt.widgets.Display.readAndDispatch(Display.java:3761)
	at org.eclipse.jface.window.Window.runEventLoop(Window.java:832)
	at org.eclipse.jface.window.Window.open(Window.java:808)
	at org.eclipse.ui.internal.dialogs.WorkbenchPreferenceDialog.open(WorkbenchPreferenceDialog.java:221)
	at org.eclipse.ui.internal.OpenPreferencesAction.run(OpenPreferencesAction.java:66)
	at org.eclipse.jface.action.Action.runWithEvent(Action.java:519)
	at org.eclipse.jface.action.ActionContributionItem.handleWidgetSelection(ActionContributionItem.java:595)
	at org.eclipse.jface.action.ActionContributionItem.access$2(ActionContributionItem.java:511)
	at org.eclipse.jface.action.ActionContributionItem$5.handleEvent(ActionContributionItem.java:420)
	at org.eclipse.swt.widgets.EventTable.sendEvent(EventTable.java:84)
	at org.eclipse.swt.widgets.Display.sendEvent(Display.java:4353)
	at org.eclipse.swt.widgets.Widget.sendEvent(Widget.java:1061)
	at org.eclipse.swt.widgets.Display.runDeferredEvents(Display.java:4172)
	at org.eclipse.swt.widgets.Display.readAndDispatch(Display.java:3761)
	at org.eclipse.e4.ui.internal.workbench.swt.PartRenderingEngine$9.run(PartRenderingEngine.java:1151)
	at org.eclipse.core.databinding.observable.Realm.runWithDefault(Realm.java:332)
	at org.eclipse.e4.ui.internal.workbench.swt.PartRenderingEngine.run(PartRenderingEngine.java:1032)
	at org.eclipse.e4.ui.internal.workbench.E4Workbench.createAndRunUI(E4Workbench.java:148)
	at org.eclipse.ui.internal.Workbench$5.run(Workbench.java:636)
	at org.eclipse.core.databinding.observable.Realm.runWithDefault(Realm.java:332)
	at org.eclipse.ui.internal.Workbench.createAndRunWorkbench(Workbench.java:579)
	at org.eclipse.ui.PlatformUI.createAndRunWorkbench(PlatformUI.java:150)
	at org.eclipse.ui.internal.ide.application.IDEApplication.start(IDEApplication.java:135)
	at org.eclipse.equinox.internal.app.EclipseAppHandle.run(EclipseAppHandle.java:196)
	at org.eclipse.core.runtime.internal.adaptor.EclipseAppLauncher.runApplication(EclipseAppLauncher.java:134)
	at org.eclipse.core.runtime.internal.adaptor.EclipseAppLauncher.start(EclipseAppLauncher.java:104)
	at org.eclipse.core.runtime.adaptor.EclipseStarter.run(EclipseStarter.java:382)
	at org.eclipse.core.runtime.adaptor.EclipseStarter.run(EclipseStarter.java:236)
	at sun.reflect.NativeMethodAccessorImpl.invoke0(Native Method)
	at sun.reflect.NativeMethodAccessorImpl.invoke(Unknown Source)
	at sun.reflect.DelegatingMethodAccessorImpl.invoke(Unknown Source)
	at java.lang.reflect.Method.invoke(Unknown Source)
	at org.eclipse.equinox.launcher.Main.invokeFramework(Main.java:648)
	at org.eclipse.equinox.launcher.Main.basicRun(Main.java:603)
	at org.eclipse.equinox.launcher.Main.run(Main.java:1465)

!ENTRY org.python.pydev.shared_core 1 1 2016-03-16 18:02:20.418
!MESSAGE Restoring info for: C:\Users\lucy\Anaconda2\python.exe
!STACK 0
java.lang.RuntimeException: Restoring info for: C:\Users\lucy\Anaconda2\python.exe
	at org.python.pydev.ui.interpreters.AbstractInterpreterManager.getInterpretersFromPersistedString(AbstractInterpreterManager.java:517)
	at org.python.pydev.ui.interpreters.AbstractInterpreterManager.internalRecreateCacheGetInterpreterInfos(AbstractInterpreterManager.java:337)
	at org.python.pydev.ui.interpreters.AbstractInterpreterManager.setInfos(AbstractInterpreterManager.java:641)
	at org.python.pydev.ui.pythonpathconf.AbstractInterpreterPreferencesPage$5.run(AbstractInterpreterPreferencesPage.java:277)
	at org.eclipse.jface.operation.ModalContext$ModalContextThread.run(ModalContext.java:122)
Caused by: java.io.IOException: Expecting: C:\Users\lucy\Documents\GitHub\HerCampus\.metadata\.plugins\org.python.pydev\v1_c8zwzyuk77tff8jbnc8q4cwof\modulesKeys to exist (and be a file).
	at org.python.pydev.editor.codecompletion.revisited.ModulesManager.loadFromFile(ModulesManager.java:289)
	at org.python.pydev.editor.codecompletion.revisited.SystemModulesManager.load(SystemModulesManager.java:371)
	at org.python.pydev.ui.interpreters.AbstractInterpreterManager.getInterpretersFromPersistedString(AbstractInterpreterManager.java:515)
	... 4 more

!ENTRY org.python.pydev.shared_core 1 1 2016-03-16 18:02:34.981
!MESSAGE Finished restoring information for: C:\Users\lucy\Anaconda2\python.exe at: C:\Users\lucy\Documents\GitHub\HerCampus\.metadata\.plugins\org.python.pydev\v1_c8zwzyuk77tff8jbnc8q4cwof
!STACK 0
java.lang.RuntimeException: Finished restoring information for: C:\Users\lucy\Anaconda2\python.exe at: C:\Users\lucy\Documents\GitHub\HerCampus\.metadata\.plugins\org.python.pydev\v1_c8zwzyuk77tff8jbnc8q4cwof
	at org.python.pydev.core.log.Log.logInfo(Log.java:66)
	at org.python.pydev.ui.interpreters.AbstractInterpreterManager.getInterpretersFromPersistedString(AbstractInterpreterManager.java:562)
	at org.python.pydev.ui.interpreters.AbstractInterpreterManager.internalRecreateCacheGetInterpreterInfos(AbstractInterpreterManager.java:337)
	at org.python.pydev.ui.interpreters.AbstractInterpreterManager.setInfos(AbstractInterpreterManager.java:641)
	at org.python.pydev.ui.pythonpathconf.AbstractInterpreterPreferencesPage$5.run(AbstractInterpreterPreferencesPage.java:277)
	at org.eclipse.jface.operation.ModalContext$ModalContextThread.run(ModalContext.java:122)

!ENTRY org.python.pydev.shared_core 4 4 2016-03-16 18:02:41.680
!MESSAGE Info: Rebuilding internal caches: C:\Users\lucy\Documents\GitHub\HerCampus\.metadata\.plugins\com.python.pydev.analysis\python_v1_c8zwzyuk77tff8jbnc8q4cwof\python.pydevsysteminfo (Expected error to be provided and got no error!)

!ENTRY org.python.pydev.shared_core 4 4 2016-03-16 18:04:45.724
!MESSAGE ERROR reading shell.
ProcessInfo:

 - Executed: C:\Users\lucy\Anaconda2\python.exe -u C:\Users\lucy\.eclipse\org.eclipse.platform_4.4.0_2049681907_win32_win32_x86_64\plugins\org.python.pydev_4.3.0.201508182223\pysrc\pycompletionserver.py 55495

 - Environment:
ALLUSERSPROFILE=C:\ProgramData
APPDATA=C:\Users\lucy\AppData\Roaming
ASL.LOG=Destination=file
COMMONPROGRAMFILES(X86)=C:\Program Files (x86)\Common Files
COMMONPROGRAMFILES=C:\Program Files\Common Files
COMMONPROGRAMW6432=C:\Program Files\Common Files
COMPUTERNAME=LUCY-PC
COMSPEC=C:\windows\system32\cmd.exe
FP_NO_HOST_CHECK=NO
HOMEDRIVE=C:
HOMEPATH=\Users\lucy
LOCALAPPDATA=C:\Users\lucy\AppData\Local
LOGONSERVER=\\LUCY-PC
NUMBER_OF_PROCESSORS=4
OS=Windows_NT
PATH=C:/Program Files/Java/jre1.8.0_73/bin/server;C:/Program Files/Java/jre1.8.0_73/bin;C:/Program Files/Java/jre1.8.0_73/lib/amd64;C:\Python27;C:\ProgramData\Oracle\Java\javapath;C:\Windows\System32\;C:\Program Files\MATLAB\R2015b\runtime\win64;C:\Program Files\MATLAB\R2015b\bin;C:\Program Files\nodejs\;C:\Program Files (x86)\Skype\Phone\;C:\Program Files (x86)\DevDesktop\drush;C:\Users\lucy\Anaconda2;C:\Users\lucy\Anaconda2\Scripts;C:\Users\lucy\Anaconda2\Library\bin;C:\RailsInstaller\Git\cmd;C:\RailsInstaller\Ruby2.1.0\bin;C:\Python27;C:\Program Files\Java\jdk1.8.0_20\bin;C:\Users\lucy\AppData\Roaming\npm;C:\Program Files\Java\eclipse;
PATHEXT=.COM;.EXE;.BAT;.CMD;.VBS;.VBE;.JS;.JSE;.WSF;.WSH;.MSC
PROCESSOR_ARCHITECTURE=AMD64
PROCESSOR_IDENTIFIER=Intel64 Family 6 Model 58 Stepping 9, GenuineIntel
PROCESSOR_LEVEL=6
PROCESSOR_REVISION=3a09
PROGRAMDATA=C:\ProgramData
PROGRAMFILES(X86)=C:\Program Files (x86)
PROGRAMFILES=C:\Program Files
PROGRAMW6432=C:\Program Files
PROMPT=$P$G
PSMODULEPATH=C:\windows\system32\WindowsPowerShell\v1.0\Modules\
PUBLIC=C:\Users\Public
PYTHONPATH=C:\Users\lucy\.eclipse\org.eclipse.platform_4.4.0_2049681907_win32_win32_x86_64\plugins\org.python.pydev_4.3.0.201508182223\pysrc\pydev_sitecustomize;C:\Users\lucy\Anaconda2\lib\site-packages\windmill-1.6-py2.7.egg;C:\Users\lucy\Anaconda2\DLLs;C:\Users\lucy\Anaconda2\lib;C:\Users\lucy\Anaconda2\lib\lib-tk;C:\Users\lucy\Anaconda2;C:\Users\lucy\Anaconda2\lib\site-packages;C:\Users\lucy\Anaconda2\lib\site-packages\Sphinx-1.3.5-py2.7.egg;C:\Users\lucy\Anaconda2\lib\site-packages\cryptography-1.0.2-py2.7-win-amd64.egg;C:\Users\lucy\Anaconda2\lib\site-packages\win32;C:\Users\lucy\Anaconda2\lib\site-packages\win32\lib;C:\Users\lucy\Anaconda2\lib\site-packages\Pythonwin;C:\Users\lucy\Anaconda2\lib\site-packages\setuptools-20.2.2-py2.7.egg
SESSIONNAME=Console
SYSTEMDRIVE=C:
SYSTEMROOT=C:\windows
TEMP=;C:\Program Files\Java\jdk1.7.0_07\bin
TMP=C:\Users\lucy\AppData\Local\Temp
USERDOMAIN=lucy-PC
USERNAME=lucy
USERPROFILE=C:\Users\lucy
VBOX_MSI_INSTALL_PATH=C:\Program Files\Oracle\VirtualBox\
WINDIR=C:\windows
WINDOWS_TRACING_FLAGS=3
WINDOWS_TRACING_LOGFILE=C:\BVTBin\Tests\installpackage\csilogfile.log

 - Working Dir:
C:\Program Files\Java\eclipse\..\..\..\Users\lucy\.eclipse\org.eclipse.platform_4.4.0_2049681907_win32_win32_x86_64\plugins\org.python.pydev_4.3.0.201508182223\pysrc

 - OS:
Windows 7

 - Std output:


 - Err output:

!STACK 0
java.net.SocketTimeoutException
	at sun.nio.ch.SocketAdaptor$SocketInputStream.read(Unknown Source)
	at sun.nio.ch.ChannelInputStream.read(Unknown Source)
	at java.io.InputStream.read(Unknown Source)
	at org.python.pydev.editor.codecompletion.shell.AbstractShell.read(AbstractShell.java:454)
	at org.python.pydev.editor.codecompletion.shell.AbstractShell.read(AbstractShell.java:506)
	at org.python.pydev.editor.codecompletion.shell.AbstractShell.writeAndGetResults(AbstractShell.java:692)
	at org.python.pydev.editor.codecompletion.shell.AbstractShell.getImportCompletions(AbstractShell.java:756)
	at org.python.pydev.editor.codecompletion.revisited.modules.CompiledModule.createTokensFromServer(CompiledModule.java:362)
	at org.python.pydev.editor.codecompletion.revisited.modules.CompiledModule.<init>(CompiledModule.java:167)
	at org.python.pydev.editor.codecompletion.revisited.modules.AbstractModule.createModule(AbstractModule.java:275)
	at org.python.pydev.editor.codecompletion.revisited.ModulesManager.getModule(ModulesManager.java:920)
	at org.python.pydev.editor.codecompletion.revisited.ModulesManager.getModule(ModulesManager.java:767)
	at org.python.pydev.editor.codecompletion.revisited.SystemModulesManager.getModule(SystemModulesManager.java:353)
	at com.python.pydev.analysis.additionalinfo.AbstractAdditionalDependencyInfo.updateKeysIfNeededAndSave(AbstractAdditionalDependencyInfo.java:257)
	at com.python.pydev.analysis.system_info_builder.InterpreterInfoBuilder.syncInfoToPythonPath(InterpreterInfoBuilder.java:151)
	at com.python.pydev.analysis.system_info_builder.InterpreterInfoBuilder.syncInfoToPythonPath(InterpreterInfoBuilder.java:79)
	at org.python.pydev.editor.codecompletion.revisited.SynchSystemModulesManager.synchronizeManagerToNameToInfoPythonpath(SynchSystemModulesManager.java:390)
	at org.python.pydev.editor.codecompletion.revisited.SyncSystemModulesManagerScheduler$SynchJob.run(SyncSystemModulesManagerScheduler.java:261)
	at org.eclipse.core.internal.jobs.Worker.run(Worker.java:54)

!ENTRY org.python.pydev.shared_core 4 4 2016-03-16 18:04:55.075
!MESSAGE ERROR reading shell.
ProcessInfo:

 - Executed: C:\Users\lucy\Anaconda2\python.exe -u C:\Users\lucy\.eclipse\org.eclipse.platform_4.4.0_2049681907_win32_win32_x86_64\plugins\org.python.pydev_4.3.0.201508182223\pysrc\pycompletionserver.py 55521

 - Environment:
ALLUSERSPROFILE=C:\ProgramData
APPDATA=C:\Users\lucy\AppData\Roaming
ASL.LOG=Destination=file
COMMONPROGRAMFILES(X86)=C:\Program Files (x86)\Common Files
COMMONPROGRAMFILES=C:\Program Files\Common Files
COMMONPROGRAMW6432=C:\Program Files\Common Files
COMPUTERNAME=LUCY-PC
COMSPEC=C:\windows\system32\cmd.exe
FP_NO_HOST_CHECK=NO
HOMEDRIVE=C:
HOMEPATH=\Users\lucy
LOCALAPPDATA=C:\Users\lucy\AppData\Local
LOGONSERVER=\\LUCY-PC
NUMBER_OF_PROCESSORS=4
OS=Windows_NT
PATH=C:/Program Files/Java/jre1.8.0_73/bin/server;C:/Program Files/Java/jre1.8.0_73/bin;C:/Program Files/Java/jre1.8.0_73/lib/amd64;C:\Python27;C:\ProgramData\Oracle\Java\javapath;C:\Windows\System32\;C:\Program Files\MATLAB\R2015b\runtime\win64;C:\Program Files\MATLAB\R2015b\bin;C:\Program Files\nodejs\;C:\Program Files (x86)\Skype\Phone\;C:\Program Files (x86)\DevDesktop\drush;C:\Users\lucy\Anaconda2;C:\Users\lucy\Anaconda2\Scripts;C:\Users\lucy\Anaconda2\Library\bin;C:\RailsInstaller\Git\cmd;C:\RailsInstaller\Ruby2.1.0\bin;C:\Python27;C:\Program Files\Java\jdk1.8.0_20\bin;C:\Users\lucy\AppData\Roaming\npm;C:\Program Files\Java\eclipse;
PATHEXT=.COM;.EXE;.BAT;.CMD;.VBS;.VBE;.JS;.JSE;.WSF;.WSH;.MSC
PROCESSOR_ARCHITECTURE=AMD64
PROCESSOR_IDENTIFIER=Intel64 Family 6 Model 58 Stepping 9, GenuineIntel
PROCESSOR_LEVEL=6
PROCESSOR_REVISION=3a09
PROGRAMDATA=C:\ProgramData
PROGRAMFILES(X86)=C:\Program Files (x86)
PROGRAMFILES=C:\Program Files
PROGRAMW6432=C:\Program Files
PROMPT=$P$G
PSMODULEPATH=C:\windows\system32\WindowsPowerShell\v1.0\Modules\
PUBLIC=C:\Users\Public
PYTHONPATH=C:\Users\lucy\.eclipse\org.eclipse.platform_4.4.0_2049681907_win32_win32_x86_64\plugins\org.python.pydev_4.3.0.201508182223\pysrc\pydev_sitecustomize;C:\Users\lucy\Anaconda2\lib\site-packages\windmill-1.6-py2.7.egg;C:\Users\lucy\Anaconda2\DLLs;C:\Users\lucy\Anaconda2\lib;C:\Users\lucy\Anaconda2\lib\lib-tk;C:\Users\lucy\Anaconda2;C:\Users\lucy\Anaconda2\lib\site-packages;C:\Users\lucy\Anaconda2\lib\site-packages\Sphinx-1.3.5-py2.7.egg;C:\Users\lucy\Anaconda2\lib\site-packages\cryptography-1.0.2-py2.7-win-amd64.egg;C:\Users\lucy\Anaconda2\lib\site-packages\win32;C:\Users\lucy\Anaconda2\lib\site-packages\win32\lib;C:\Users\lucy\Anaconda2\lib\site-packages\Pythonwin;C:\Users\lucy\Anaconda2\lib\site-packages\setuptools-20.2.2-py2.7.egg
SESSIONNAME=Console
SYSTEMDRIVE=C:
SYSTEMROOT=C:\windows
TEMP=;C:\Program Files\Java\jdk1.7.0_07\bin
TMP=C:\Users\lucy\AppData\Local\Temp
USERDOMAIN=lucy-PC
USERNAME=lucy
USERPROFILE=C:\Users\lucy
VBOX_MSI_INSTALL_PATH=C:\Program Files\Oracle\VirtualBox\
WINDIR=C:\windows
WINDOWS_TRACING_FLAGS=3
WINDOWS_TRACING_LOGFILE=C:\BVTBin\Tests\installpackage\csilogfile.log

 - Working Dir:
C:\Program Files\Java\eclipse\..\..\..\Users\lucy\.eclipse\org.eclipse.platform_4.4.0_2049681907_win32_win32_x86_64\plugins\org.python.pydev_4.3.0.201508182223\pysrc

 - OS:
Windows 7

 - Std output:


 - Err output:

!STACK 0
java.net.SocketTimeoutException
	at sun.nio.ch.SocketAdaptor$SocketInputStream.read(Unknown Source)
	at sun.nio.ch.ChannelInputStream.read(Unknown Source)
	at java.io.InputStream.read(Unknown Source)
	at org.python.pydev.editor.codecompletion.shell.AbstractShell.read(AbstractShell.java:454)
	at org.python.pydev.editor.codecompletion.shell.AbstractShell.read(AbstractShell.java:506)
	at org.python.pydev.editor.codecompletion.shell.AbstractShell.writeAndGetResults(AbstractShell.java:692)
	at org.python.pydev.editor.codecompletion.shell.AbstractShell.getImportCompletions(AbstractShell.java:756)
	at org.python.pydev.editor.codecompletion.revisited.modules.CompiledModule.createTokensFromServer(CompiledModule.java:362)
	at org.python.pydev.editor.codecompletion.revisited.modules.CompiledModule.<init>(CompiledModule.java:167)
	at org.python.pydev.editor.codecompletion.revisited.modules.AbstractModule.createModule(AbstractModule.java:275)
	at org.python.pydev.editor.codecompletion.revisited.ModulesManager.getModule(ModulesManager.java:920)
	at org.python.pydev.editor.codecompletion.revisited.ModulesManager.getModule(ModulesManager.java:767)
	at org.python.pydev.editor.codecompletion.revisited.SystemModulesManager.getModule(SystemModulesManager.java:353)
	at com.python.pydev.analysis.additionalinfo.AbstractAdditionalDependencyInfo.updateKeysIfNeededAndSave(AbstractAdditionalDependencyInfo.java:257)
	at com.python.pydev.analysis.system_info_builder.InterpreterInfoBuilder.syncInfoToPythonPath(InterpreterInfoBuilder.java:151)
	at com.python.pydev.analysis.system_info_builder.InterpreterInfoBuilder.syncInfoToPythonPath(InterpreterInfoBuilder.java:79)
	at org.python.pydev.editor.codecompletion.revisited.SynchSystemModulesManager.synchronizeManagerToNameToInfoPythonpath(SynchSystemModulesManager.java:390)
	at org.python.pydev.editor.codecompletion.revisited.SyncSystemModulesManagerScheduler$SynchJob.run(SyncSystemModulesManagerScheduler.java:261)
	at org.eclipse.core.internal.jobs.Worker.run(Worker.java:54)

!ENTRY org.python.pydev.shared_core 4 4 2016-03-16 18:05:20.478
!MESSAGE ERROR reading shell.
ProcessInfo:

 - Executed: C:\Users\lucy\Anaconda2\python.exe -u C:\Users\lucy\.eclipse\org.eclipse.platform_4.4.0_2049681907_win32_win32_x86_64\plugins\org.python.pydev_4.3.0.201508182223\pysrc\pycompletionserver.py 55526

 - Environment:
ALLUSERSPROFILE=C:\ProgramData
APPDATA=C:\Users\lucy\AppData\Roaming
ASL.LOG=Destination=file
COMMONPROGRAMFILES(X86)=C:\Program Files (x86)\Common Files
COMMONPROGRAMFILES=C:\Program Files\Common Files
COMMONPROGRAMW6432=C:\Program Files\Common Files
COMPUTERNAME=LUCY-PC
COMSPEC=C:\windows\system32\cmd.exe
FP_NO_HOST_CHECK=NO
HOMEDRIVE=C:
HOMEPATH=\Users\lucy
LOCALAPPDATA=C:\Users\lucy\AppData\Local
LOGONSERVER=\\LUCY-PC
NUMBER_OF_PROCESSORS=4
OS=Windows_NT
PATH=C:/Program Files/Java/jre1.8.0_73/bin/server;C:/Program Files/Java/jre1.8.0_73/bin;C:/Program Files/Java/jre1.8.0_73/lib/amd64;C:\Python27;C:\ProgramData\Oracle\Java\javapath;C:\Windows\System32\;C:\Program Files\MATLAB\R2015b\runtime\win64;C:\Program Files\MATLAB\R2015b\bin;C:\Program Files\nodejs\;C:\Program Files (x86)\Skype\Phone\;C:\Program Files (x86)\DevDesktop\drush;C:\Users\lucy\Anaconda2;C:\Users\lucy\Anaconda2\Scripts;C:\Users\lucy\Anaconda2\Library\bin;C:\RailsInstaller\Git\cmd;C:\RailsInstaller\Ruby2.1.0\bin;C:\Python27;C:\Program Files\Java\jdk1.8.0_20\bin;C:\Users\lucy\AppData\Roaming\npm;C:\Program Files\Java\eclipse;
PATHEXT=.COM;.EXE;.BAT;.CMD;.VBS;.VBE;.JS;.JSE;.WSF;.WSH;.MSC
PROCESSOR_ARCHITECTURE=AMD64
PROCESSOR_IDENTIFIER=Intel64 Family 6 Model 58 Stepping 9, GenuineIntel
PROCESSOR_LEVEL=6
PROCESSOR_REVISION=3a09
PROGRAMDATA=C:\ProgramData
PROGRAMFILES(X86)=C:\Program Files (x86)
PROGRAMFILES=C:\Program Files
PROGRAMW6432=C:\Program Files
PROMPT=$P$G
PSMODULEPATH=C:\windows\system32\WindowsPowerShell\v1.0\Modules\
PUBLIC=C:\Users\Public
PYTHONPATH=C:\Users\lucy\.eclipse\org.eclipse.platform_4.4.0_2049681907_win32_win32_x86_64\plugins\org.python.pydev_4.3.0.201508182223\pysrc\pydev_sitecustomize;C:\Users\lucy\Anaconda2\lib\site-packages\windmill-1.6-py2.7.egg;C:\Users\lucy\Anaconda2\DLLs;C:\Users\lucy\Anaconda2\lib;C:\Users\lucy\Anaconda2\lib\lib-tk;C:\Users\lucy\Anaconda2;C:\Users\lucy\Anaconda2\lib\site-packages;C:\Users\lucy\Anaconda2\lib\site-packages\Sphinx-1.3.5-py2.7.egg;C:\Users\lucy\Anaconda2\lib\site-packages\cryptography-1.0.2-py2.7-win-amd64.egg;C:\Users\lucy\Anaconda2\lib\site-packages\win32;C:\Users\lucy\Anaconda2\lib\site-packages\win32\lib;C:\Users\lucy\Anaconda2\lib\site-packages\Pythonwin;C:\Users\lucy\Anaconda2\lib\site-packages\setuptools-20.2.2-py2.7.egg
SESSIONNAME=Console
SYSTEMDRIVE=C:
SYSTEMROOT=C:\windows
TEMP=;C:\Program Files\Java\jdk1.7.0_07\bin
TMP=C:\Users\lucy\AppData\Local\Temp
USERDOMAIN=lucy-PC
USERNAME=lucy
USERPROFILE=C:\Users\lucy
VBOX_MSI_INSTALL_PATH=C:\Program Files\Oracle\VirtualBox\
WINDIR=C:\windows
WINDOWS_TRACING_FLAGS=3
WINDOWS_TRACING_LOGFILE=C:\BVTBin\Tests\installpackage\csilogfile.log

 - Working Dir:
C:\Program Files\Java\eclipse\..\..\..\Users\lucy\.eclipse\org.eclipse.platform_4.4.0_2049681907_win32_win32_x86_64\plugins\org.python.pydev_4.3.0.201508182223\pysrc

 - OS:
Windows 7

 - Std output:


 - Err output:

!STACK 0
java.net.SocketTimeoutException
	at sun.nio.ch.SocketAdaptor$SocketInputStream.read(Unknown Source)
	at sun.nio.ch.ChannelInputStream.read(Unknown Source)
	at java.io.InputStream.read(Unknown Source)
	at org.python.pydev.editor.codecompletion.shell.AbstractShell.read(AbstractShell.java:454)
	at org.python.pydev.editor.codecompletion.shell.AbstractShell.read(AbstractShell.java:506)
	at org.python.pydev.editor.codecompletion.shell.AbstractShell.writeAndGetResults(AbstractShell.java:692)
	at org.python.pydev.editor.codecompletion.shell.AbstractShell.getImportCompletions(AbstractShell.java:756)
	at org.python.pydev.editor.codecompletion.revisited.modules.CompiledModule.createTokensFromServer(CompiledModule.java:362)
	at org.python.pydev.editor.codecompletion.revisited.modules.CompiledModule.<init>(CompiledModule.java:167)
	at org.python.pydev.editor.codecompletion.revisited.modules.AbstractModule.createModule(AbstractModule.java:275)
	at org.python.pydev.editor.codecompletion.revisited.ModulesManager.getModule(ModulesManager.java:920)
	at org.python.pydev.editor.codecompletion.revisited.ModulesManager.getModule(ModulesManager.java:767)
	at org.python.pydev.editor.codecompletion.revisited.SystemModulesManager.getModule(SystemModulesManager.java:353)
	at com.python.pydev.analysis.additionalinfo.AbstractAdditionalDependencyInfo.updateKeysIfNeededAndSave(AbstractAdditionalDependencyInfo.java:257)
	at com.python.pydev.analysis.system_info_builder.InterpreterInfoBuilder.syncInfoToPythonPath(InterpreterInfoBuilder.java:151)
	at com.python.pydev.analysis.system_info_builder.InterpreterInfoBuilder.syncInfoToPythonPath(InterpreterInfoBuilder.java:79)
	at org.python.pydev.editor.codecompletion.revisited.SynchSystemModulesManager.synchronizeManagerToNameToInfoPythonpath(SynchSystemModulesManager.java:390)
	at org.python.pydev.editor.codecompletion.revisited.SyncSystemModulesManagerScheduler$SynchJob.run(SyncSystemModulesManagerScheduler.java:261)
	at org.eclipse.core.internal.jobs.Worker.run(Worker.java:54)

!ENTRY org.python.pydev.shared_core 4 4 2016-03-16 18:09:46.411
!MESSAGE Info: Rebuilding internal caches: C:\Users\lucy\Documents\GitHub\HerCampus\.metadata\.plugins\org.eclipse.core.resources\.projects\Trending Word Cloud Scraper\com.python.pydev.analysis\AdditionalProjectInterpreterInfo.pydevinfo (Expected error to be provided and got no error!)

!ENTRY org.eclipse.jface 2 0 2016-03-16 18:13:15.081
!MESSAGE Keybinding conflicts occurred.  They may interfere with normal accelerator operation.
!SUBENTRY 1 org.eclipse.jface 2 0 2016-03-16 18:13:15.081
!MESSAGE A conflict occurred for CTRL+SHIFT+T:
Binding(CTRL+SHIFT+T,
	ParameterizedCommand(Command(org.eclipse.jdt.ui.navigate.open.type,Open Type,
		Open a type in a Java editor,
		Category(org.eclipse.ui.category.navigate,Navigate,null,true),
		org.eclipse.ui.internal.WorkbenchHandlerServiceHandler@4211a66,
		,,true),null),
	org.eclipse.ui.defaultAcceleratorConfiguration,
	org.eclipse.ui.contexts.window,,,system)
Binding(CTRL+SHIFT+T,
	ParameterizedCommand(Command(com.python.pydev.analysis.actions.pyGlobalsBrowserWorkbench,Python Show Global Tokens (Global),
		Python Show Global Tokens (Global),
		Category(org.python.pydev.ui.category.source,PyDev - Editor,PyDev editor category,true),
		org.eclipse.ui.internal.WorkbenchHandlerServiceHandler@1ccab629,
		,,true),null),
	org.eclipse.ui.defaultAcceleratorConfiguration,
	com.python.pydev.contexts.window,,,system)
Binding(CTRL+SHIFT+T,
	ParameterizedCommand(Command(org.python.pydev.editor.actions.pyShowBrowser,Python Show Global Tokens (Editor),
		Python Show Global Tokens (Editor),
		Category(org.python.pydev.ui.category.source,PyDev - Editor,PyDev editor category,true),
		org.eclipse.ui.internal.WorkbenchHandlerServiceHandler@210e7a5,
		,,true),null),
	org.eclipse.ui.defaultAcceleratorConfiguration,
	org.python.pydev.ui.editor.scope,,,system)

!ENTRY org.python.pydev.shared_core 1 1 2016-03-16 18:21:22.330
!MESSAGE Information about process of adding new interpreter:
- Opening dialog to request executable (or jar).
- Chosen interpreter (name and file):'Tuple [C:\Python27\python.exe -- C:\Python27\python.exe]
- Ok, file is non-null. Getting info on:C:\Python27\python.exe
- Beggining task:Getting libs totalWork:100
- Setting task name:Mounting executable string...
- Setting task name:Executing:  C:\Python27\python.exe -u C:\Users\lucy\.eclipse\org.eclipse.platform_4.4.0_2049681907_win32_win32_x86_64\plugins\org.python.pydev_4.3.0.201508182223\pysrc\interpreterInfo.py
- Setting task name:Making pythonpath environment... C:\Python27\python.exe -u C:\Users\lucy\.eclipse\org.eclipse.platform_4.4.0_2049681907_win32_win32_x86_64\plugins\org.python.pydev_4.3.0.201508182223\pysrc\interpreterInfo.py
- Setting task name:Making exec... C:\Python27\python.exe -u C:\Users\lucy\.eclipse\org.eclipse.platform_4.4.0_2049681907_win32_win32_x86_64\plugins\org.python.pydev_4.3.0.201508182223\pysrc\interpreterInfo.py
- Setting task name:Reading output...
- Setting task name:Waiting for process to finish.
- Success getting the info. Result:<xml>
<name>C:\Python27\python.exe</name>
<version>2.7</version>
<executable>C:\Python27\python.exe</executable>
<lib>C:\Python27\DLLs</lib>
<lib>C:\Python27\lib</lib>
<lib>C:\Python27\lib\lib-tk</lib>
<lib>C:\Python27</lib>
<lib>C:\Python27\lib\site-packages</lib>
<forced_lib>Image</forced_lib>
<forced_lib>OpenGL</forced_lib>
<forced_lib>__builtin__</forced_lib>
<forced_lib>__main__</forced_lib>
<forced_lib>_ast</forced_lib>
<forced_lib>_bisect</forced_lib>
<forced_lib>_bytesio</forced_lib>
<forced_lib>_codecs</forced_lib>
<forced_lib>_codecs_cn</forced_lib>
<forced_lib>_codecs_hk</forced_lib>
<forced_lib>_codecs_iso2022</forced_lib>
<forced_lib>_codecs_jp</forced_lib>
<forced_lib>_codecs_kr</forced_lib>
<forced_lib>_codecs_tw</forced_lib>
<forced_lib>_collections</forced_lib>
<forced_lib>_csv</forced_lib>
<forced_lib>_fileio</forced_lib>
<forced_lib>_functools</forced_lib>
<forced_lib>_heapq</forced_lib>
<forced_lib>_hotshot</forced_lib>
<forced_lib>_io</forced_lib>
<forced_lib>_json</forced_lib>
<forced_lib>_locale</forced_lib>
<forced_lib>_lsprof</forced_lib>
<forced_lib>_md5</forced_lib>
<forced_lib>_multibytecodec</forced_lib>
<forced_lib>_random</forced_lib>
<forced_lib>_sha</forced_lib>
<forced_lib>_sha256</forced_lib>
<forced_lib>_sha512</forced_lib>
<forced_lib>_sre</forced_lib>
<forced_lib>_struct</forced_lib>
<forced_lib>_subprocess</forced_lib>
<forced_lib>_symtable</forced_lib>
<forced_lib>_warnings</forced_lib>
<forced_lib>_weakref</forced_lib>
<forced_lib>_winreg</forced_lib>
<forced_lib>array</forced_lib>
<forced_lib>audioop</forced_lib>
<forced_lib>binascii</forced_lib>
<forced_lib>cPickle</forced_lib>
<forced_lib>cStringIO</forced_lib>
<forced_lib>cmath</forced_lib>
<forced_lib>datetime</forced_lib>
<forced_lib>email</forced_lib>
<forced_lib>errno</forced_lib>
<forced_lib>exceptions</forced_lib>
<forced_lib>future_builtins</forced_lib>
<forced_lib>gc</forced_lib>
<forced_lib>hashlib</forced_lib>
<forced_lib>imageop</forced_lib>
<forced_lib>imp</forced_lib>
<forced_lib>itertools</forced_lib>
<forced_lib>marshal</forced_lib>
<forced_lib>math</forced_lib>
<forced_lib>mmap</forced_lib>
<forced_lib>msvcrt</forced_lib>
<forced_lib>nt</forced_lib>
<forced_lib>numpy</forced_lib>
<forced_lib>operator</forced_lib>
<forced_lib>os</forced_lib>
<forced_lib>os.path</forced_lib>
<forced_lib>parser</forced_lib>
<forced_lib>pytest</forced_lib>
<forced_lib>scipy</forced_lib>
<forced_lib>signal</forced_lib>
<forced_lib>socket</forced_lib>
<forced_lib>strop</forced_lib>
<forced_lib>sys</forced_lib>
<forced_lib>thread</forced_lib>
<forced_lib>time</forced_lib>
<forced_lib>wx</forced_lib>
<forced_lib>wxPython</forced_lib>
<forced_lib>xxsubtype</forced_lib>
<forced_lib>zipimport</forced_lib>
<forced_lib>zlib</forced_lib>
</xml>

!STACK 0
java.lang.RuntimeException: Information about process of adding new interpreter:
- Opening dialog to request executable (or jar).
- Chosen interpreter (name and file):'Tuple [C:\Python27\python.exe -- C:\Python27\python.exe]
- Ok, file is non-null. Getting info on:C:\Python27\python.exe
- Beggining task:Getting libs totalWork:100
- Setting task name:Mounting executable string...
- Setting task name:Executing:  C:\Python27\python.exe -u C:\Users\lucy\.eclipse\org.eclipse.platform_4.4.0_2049681907_win32_win32_x86_64\plugins\org.python.pydev_4.3.0.201508182223\pysrc\interpreterInfo.py
- Setting task name:Making pythonpath environment... C:\Python27\python.exe -u C:\Users\lucy\.eclipse\org.eclipse.platform_4.4.0_2049681907_win32_win32_x86_64\plugins\org.python.pydev_4.3.0.201508182223\pysrc\interpreterInfo.py
- Setting task name:Making exec... C:\Python27\python.exe -u C:\Users\lucy\.eclipse\org.eclipse.platform_4.4.0_2049681907_win32_win32_x86_64\plugins\org.python.pydev_4.3.0.201508182223\pysrc\interpreterInfo.py
- Setting task name:Reading output...
- Setting task name:Waiting for process to finish.
- Success getting the info. Result:<xml>
<name>C:\Python27\python.exe</name>
<version>2.7</version>
<executable>C:\Python27\python.exe</executable>
<lib>C:\Python27\DLLs</lib>
<lib>C:\Python27\lib</lib>
<lib>C:\Python27\lib\lib-tk</lib>
<lib>C:\Python27</lib>
<lib>C:\Python27\lib\site-packages</lib>
<forced_lib>Image</forced_lib>
<forced_lib>OpenGL</forced_lib>
<forced_lib>__builtin__</forced_lib>
<forced_lib>__main__</forced_lib>
<forced_lib>_ast</forced_lib>
<forced_lib>_bisect</forced_lib>
<forced_lib>_bytesio</forced_lib>
<forced_lib>_codecs</forced_lib>
<forced_lib>_codecs_cn</forced_lib>
<forced_lib>_codecs_hk</forced_lib>
<forced_lib>_codecs_iso2022</forced_lib>
<forced_lib>_codecs_jp</forced_lib>
<forced_lib>_codecs_kr</forced_lib>
<forced_lib>_codecs_tw</forced_lib>
<forced_lib>_collections</forced_lib>
<forced_lib>_csv</forced_lib>
<forced_lib>_fileio</forced_lib>
<forced_lib>_functools</forced_lib>
<forced_lib>_heapq</forced_lib>
<forced_lib>_hotshot</forced_lib>
<forced_lib>_io</forced_lib>
<forced_lib>_json</forced_lib>
<forced_lib>_locale</forced_lib>
<forced_lib>_lsprof</forced_lib>
<forced_lib>_md5</forced_lib>
<forced_lib>_multibytecodec</forced_lib>
<forced_lib>_random</forced_lib>
<forced_lib>_sha</forced_lib>
<forced_lib>_sha256</forced_lib>
<forced_lib>_sha512</forced_lib>
<forced_lib>_sre</forced_lib>
<forced_lib>_struct</forced_lib>
<forced_lib>_subprocess</forced_lib>
<forced_lib>_symtable</forced_lib>
<forced_lib>_warnings</forced_lib>
<forced_lib>_weakref</forced_lib>
<forced_lib>_winreg</forced_lib>
<forced_lib>array</forced_lib>
<forced_lib>audioop</forced_lib>
<forced_lib>binascii</forced_lib>
<forced_lib>cPickle</forced_lib>
<forced_lib>cStringIO</forced_lib>
<forced_lib>cmath</forced_lib>
<forced_lib>datetime</forced_lib>
<forced_lib>email</forced_lib>
<forced_lib>errno</forced_lib>
<forced_lib>exceptions</forced_lib>
<forced_lib>future_builtins</forced_lib>
<forced_lib>gc</forced_lib>
<forced_lib>hashlib</forced_lib>
<forced_lib>imageop</forced_lib>
<forced_lib>imp</forced_lib>
<forced_lib>itertools</forced_lib>
<forced_lib>marshal</forced_lib>
<forced_lib>math</forced_lib>
<forced_lib>mmap</forced_lib>
<forced_lib>msvcrt</forced_lib>
<forced_lib>nt</forced_lib>
<forced_lib>numpy</forced_lib>
<forced_lib>operator</forced_lib>
<forced_lib>os</forced_lib>
<forced_lib>os.path</forced_lib>
<forced_lib>parser</forced_lib>
<forced_lib>pytest</forced_lib>
<forced_lib>scipy</forced_lib>
<forced_lib>signal</forced_lib>
<forced_lib>socket</forced_lib>
<forced_lib>strop</forced_lib>
<forced_lib>sys</forced_lib>
<forced_lib>thread</forced_lib>
<forced_lib>time</forced_lib>
<forced_lib>wx</forced_lib>
<forced_lib>wxPython</forced_lib>
<forced_lib>xxsubtype</forced_lib>
<forced_lib>zipimport</forced_lib>
<forced_lib>zlib</forced_lib>
</xml>

	at org.python.pydev.core.log.Log.logInfo(Log.java:66)
	at org.python.pydev.ui.pythonpathconf.AbstractInterpreterEditor.getNewInputObject(AbstractInterpreterEditor.java:977)
	at org.python.copiedfromeclipsesrc.PythonListEditor.addPressed(PythonListEditor.java:132)
	at org.python.copiedfromeclipsesrc.PythonListEditor$1.widgetSelected(PythonListEditor.java:223)
	at org.eclipse.swt.widgets.TypedListener.handleEvent(TypedListener.java:248)
	at org.eclipse.swt.widgets.EventTable.sendEvent(EventTable.java:84)
	at org.eclipse.swt.widgets.Display.sendEvent(Display.java:4353)
	at org.eclipse.swt.widgets.Widget.sendEvent(Widget.java:1061)
	at org.eclipse.swt.widgets.Display.runDeferredEvents(Display.java:4172)
	at org.eclipse.swt.widgets.Display.readAndDispatch(Display.java:3761)
	at org.eclipse.jface.window.Window.runEventLoop(Window.java:832)
	at org.eclipse.jface.window.Window.open(Window.java:808)
	at org.eclipse.ui.internal.dialogs.WorkbenchPreferenceDialog.open(WorkbenchPreferenceDialog.java:221)
	at org.eclipse.ui.internal.OpenPreferencesAction.run(OpenPreferencesAction.java:66)
	at org.eclipse.jface.action.Action.runWithEvent(Action.java:519)
	at org.eclipse.jface.action.ActionContributionItem.handleWidgetSelection(ActionContributionItem.java:595)
	at org.eclipse.jface.action.ActionContributionItem.access$2(ActionContributionItem.java:511)
	at org.eclipse.jface.action.ActionContributionItem$5.handleEvent(ActionContributionItem.java:420)
	at org.eclipse.swt.widgets.EventTable.sendEvent(EventTable.java:84)
	at org.eclipse.swt.widgets.Display.sendEvent(Display.java:4353)
	at org.eclipse.swt.widgets.Widget.sendEvent(Widget.java:1061)
	at org.eclipse.swt.widgets.Display.runDeferredEvents(Display.java:4172)
	at org.eclipse.swt.widgets.Display.readAndDispatch(Display.java:3761)
	at org.eclipse.e4.ui.internal.workbench.swt.PartRenderingEngine$9.run(PartRenderingEngine.java:1151)
	at org.eclipse.core.databinding.observable.Realm.runWithDefault(Realm.java:332)
	at org.eclipse.e4.ui.internal.workbench.swt.PartRenderingEngine.run(PartRenderingEngine.java:1032)
	at org.eclipse.e4.ui.internal.workbench.E4Workbench.createAndRunUI(E4Workbench.java:148)
	at org.eclipse.ui.internal.Workbench$5.run(Workbench.java:636)
	at org.eclipse.core.databinding.observable.Realm.runWithDefault(Realm.java:332)
	at org.eclipse.ui.internal.Workbench.createAndRunWorkbench(Workbench.java:579)
	at org.eclipse.ui.PlatformUI.createAndRunWorkbench(PlatformUI.java:150)
	at org.eclipse.ui.internal.ide.application.IDEApplication.start(IDEApplication.java:135)
	at org.eclipse.equinox.internal.app.EclipseAppHandle.run(EclipseAppHandle.java:196)
	at org.eclipse.core.runtime.internal.adaptor.EclipseAppLauncher.runApplication(EclipseAppLauncher.java:134)
	at org.eclipse.core.runtime.internal.adaptor.EclipseAppLauncher.start(EclipseAppLauncher.java:104)
	at org.eclipse.core.runtime.adaptor.EclipseStarter.run(EclipseStarter.java:382)
	at org.eclipse.core.runtime.adaptor.EclipseStarter.run(EclipseStarter.java:236)
	at sun.reflect.NativeMethodAccessorImpl.invoke0(Native Method)
	at sun.reflect.NativeMethodAccessorImpl.invoke(Unknown Source)
	at sun.reflect.DelegatingMethodAccessorImpl.invoke(Unknown Source)
	at java.lang.reflect.Method.invoke(Unknown Source)
	at org.eclipse.equinox.launcher.Main.invokeFramework(Main.java:648)
	at org.eclipse.equinox.launcher.Main.basicRun(Main.java:603)
	at org.eclipse.equinox.launcher.Main.run(Main.java:1465)

!ENTRY org.python.pydev.shared_core 1 1 2016-03-16 18:21:24.344
!MESSAGE Restoring info for: C:\Python27\python.exe
!STACK 0
java.lang.RuntimeException: Restoring info for: C:\Python27\python.exe
	at org.python.pydev.ui.interpreters.AbstractInterpreterManager.getInterpretersFromPersistedString(AbstractInterpreterManager.java:517)
	at org.python.pydev.ui.interpreters.AbstractInterpreterManager.internalRecreateCacheGetInterpreterInfos(AbstractInterpreterManager.java:337)
	at org.python.pydev.ui.interpreters.AbstractInterpreterManager.setInfos(AbstractInterpreterManager.java:641)
	at org.python.pydev.ui.pythonpathconf.AbstractInterpreterPreferencesPage$5.run(AbstractInterpreterPreferencesPage.java:277)
	at org.eclipse.jface.operation.ModalContext$ModalContextThread.run(ModalContext.java:122)
Caused by: java.io.IOException: Expecting: C:\Users\lucy\Documents\GitHub\HerCampus\.metadata\.plugins\org.python.pydev\v1_258tvcdekrk5tmtf5h0ez044z\modulesKeys to exist (and be a file).
	at org.python.pydev.editor.codecompletion.revisited.ModulesManager.loadFromFile(ModulesManager.java:289)
	at org.python.pydev.editor.codecompletion.revisited.SystemModulesManager.load(SystemModulesManager.java:371)
	at org.python.pydev.ui.interpreters.AbstractInterpreterManager.getInterpretersFromPersistedString(AbstractInterpreterManager.java:515)
	... 4 more

!ENTRY org.python.pydev.shared_core 1 1 2016-03-16 18:21:40.916
!MESSAGE Finished restoring information for: C:\Python27\python.exe at: C:\Users\lucy\Documents\GitHub\HerCampus\.metadata\.plugins\org.python.pydev\v1_258tvcdekrk5tmtf5h0ez044z
!STACK 0
java.lang.RuntimeException: Finished restoring information for: C:\Python27\python.exe at: C:\Users\lucy\Documents\GitHub\HerCampus\.metadata\.plugins\org.python.pydev\v1_258tvcdekrk5tmtf5h0ez044z
	at org.python.pydev.core.log.Log.logInfo(Log.java:66)
	at org.python.pydev.ui.interpreters.AbstractInterpreterManager.getInterpretersFromPersistedString(AbstractInterpreterManager.java:562)
	at org.python.pydev.ui.interpreters.AbstractInterpreterManager.internalRecreateCacheGetInterpreterInfos(AbstractInterpreterManager.java:337)
	at org.python.pydev.ui.interpreters.AbstractInterpreterManager.setInfos(AbstractInterpreterManager.java:641)
	at org.python.pydev.ui.pythonpathconf.AbstractInterpreterPreferencesPage$5.run(AbstractInterpreterPreferencesPage.java:277)
	at org.eclipse.jface.operation.ModalContext$ModalContextThread.run(ModalContext.java:122)

!ENTRY org.python.pydev.shared_core 4 4 2016-03-16 18:21:42.531
!MESSAGE Info: Rebuilding internal caches: C:\Users\lucy\Documents\GitHub\HerCampus\.metadata\.plugins\com.python.pydev.analysis\python_v1_258tvcdekrk5tmtf5h0ez044z\python.pydevsysteminfo (Expected error to be provided and got no error!)

!ENTRY org.python.pydev.shared_core 4 4 2016-03-16 18:22:12.953
!MESSAGE The encoding found: >>string-escape<< on C:\Python27\Lib\test\bad_coding3.py is not a valid encoding.
!STACK 0
java.io.UnsupportedEncodingException: The encoding found: >>string-escape<< on C:\Python27\Lib\test\bad_coding3.py is not a valid encoding.
	at org.python.pydev.shared_core.io.FileUtils.getValidEncoding(FileUtils.java:728)
	at org.python.pydev.shared_core.io.FileUtils.getPythonFileEncoding(FileUtils.java:689)
	at org.python.pydev.shared_core.io.FileUtils.getPythonFileEncoding(FileUtils.java:759)
	at org.python.pydev.core.FileUtilsFileBuffer.getCustomReturnFromFile(FileUtilsFileBuffer.java:155)
	at com.python.pydev.analysis.additionalinfo.AbstractAdditionalTokensInfo.addAstInfo(AbstractAdditionalTokensInfo.java:282)
	at com.python.pydev.analysis.additionalinfo.AbstractAdditionalInfoWithBuild.restoreInfoForModuleManager(AbstractAdditionalInfoWithBuild.java:258)
	at com.python.pydev.analysis.additionalinfo.AdditionalSystemInterpreterInfo.recreateAllInfo(AdditionalSystemInterpreterInfo.java:179)
	at com.python.pydev.analysis.additionalinfo.AdditionalSystemInterpreterInfo.getAdditionalSystemInfo(AdditionalSystemInterpreterInfo.java:155)
	at com.python.pydev.analysis.additionalinfo.AdditionalSystemInterpreterInfo.getAdditionalSystemInfo(AdditionalSystemInterpreterInfo.java:124)
	at com.python.pydev.analysis.additionalinfo.AdditionalSystemInterpreterInfo.recreateAllInfo(AdditionalSystemInterpreterInfo.java:171)
	at com.python.pydev.analysis.additionalinfo.builders.InterpreterObserver.notifyDefaultPythonpathRestored(InterpreterObserver.java:35)
	at org.python.pydev.ui.interpreters.AbstractInterpreterManager.restorePythopathForInterpreters(AbstractInterpreterManager.java:726)
	at org.python.pydev.ui.interpreters.AbstractInterpreterManager.setInfos(AbstractInterpreterManager.java:643)
	at org.python.pydev.ui.pythonpathconf.AbstractInterpreterPreferencesPage$5.run(AbstractInterpreterPreferencesPage.java:277)
	at org.eclipse.jface.operation.ModalContext$ModalContextThread.run(ModalContext.java:122)
!SESSION 2016-03-16 18:54:42.191 -----------------------------------------------
eclipse.buildId=4.4.0.I20140606-1215
java.version=1.8.0_73
java.vendor=Oracle Corporation
BootLoader constants: OS=win32, ARCH=x86_64, WS=win32, NL=en_US
Framework arguments:  -product org.eclipse.epp.package.standard.product
Command-line arguments:  -os win32 -ws win32 -arch x86_64 -product org.eclipse.epp.package.standard.product

!ENTRY org.python.pydev.shared_core 4 4 2016-03-16 18:58:39.796
!MESSAGE The python client still hasn't connected back to the eclipse java vm (will retry...)
!STACK 0
java.lang.RuntimeException: The python client still hasn't connected back to the eclipse java vm (will retry...)
	at org.python.pydev.core.log.Log.log(Log.java:54)
	at org.python.pydev.editor.codecompletion.shell.AbstractShell.startIt(AbstractShell.java:334)
	at org.python.pydev.editor.codecompletion.shell.ShellsContainer.getServerShell(ShellsContainer.java:232)
	at org.python.pydev.editor.codecompletion.shell.ShellsContainer.getServerShell(ShellsContainer.java:165)
	at org.python.pydev.editor.codecompletion.shell.AbstractShell.getServerShell(AbstractShell.java:222)
	at org.python.pydev.editor.PyEdit$1.run(PyEdit.java:516)

!ENTRY org.eclipse.egit.ui 2 0 2016-03-16 18:58:51.592
!MESSAGE Warning: The environment variable HOME is not set. The following directory will be used to store the Git
user global configuration and to define the default location to store repositories: 'C:\Users\lucy'. If this is
not correct please set the HOME environment variable and restart Eclipse. Otherwise Git for Windows and
EGit might behave differently since they see different configuration options.
This warning can be switched off on the Team > Git > Confirmations and Warnings preference page.

!ENTRY org.eclipse.jface 2 0 2016-03-16 18:59:19.345
!MESSAGE Keybinding conflicts occurred.  They may interfere with normal accelerator operation.
!SUBENTRY 1 org.eclipse.jface 2 0 2016-03-16 18:59:19.345
!MESSAGE A conflict occurred for CTRL+SHIFT+T:
Binding(CTRL+SHIFT+T,
	ParameterizedCommand(Command(org.eclipse.jdt.ui.navigate.open.type,Open Type,
		Open a type in a Java editor,
		Category(org.eclipse.ui.category.navigate,Navigate,null,true),
		org.eclipse.ui.internal.WorkbenchHandlerServiceHandler@69419d59,
		,,true),null),
	org.eclipse.ui.defaultAcceleratorConfiguration,
	org.eclipse.ui.contexts.window,,,system)
Binding(CTRL+SHIFT+T,
	ParameterizedCommand(Command(com.python.pydev.analysis.actions.pyGlobalsBrowserWorkbench,Python Show Global Tokens (Global),
		Python Show Global Tokens (Global),
		Category(org.python.pydev.ui.category.source,PyDev - Editor,PyDev editor category,true),
		org.eclipse.ui.internal.WorkbenchHandlerServiceHandler@7affee54,
		,,true),null),
	org.eclipse.ui.defaultAcceleratorConfiguration,
	com.python.pydev.contexts.window,,,system)
Binding(CTRL+SHIFT+T,
	ParameterizedCommand(Command(org.python.pydev.editor.actions.pyShowBrowser,Python Show Global Tokens (Editor),
		Python Show Global Tokens (Editor),
		Category(org.python.pydev.ui.category.source,PyDev - Editor,PyDev editor category,true),
		org.eclipse.ui.internal.WorkbenchHandlerServiceHandler@96075c0,
		,,true),null),
	org.eclipse.ui.defaultAcceleratorConfiguration,
	org.python.pydev.ui.editor.scope,,,system)
!SESSION 2016-03-18 11:16:57.086 -----------------------------------------------
eclipse.buildId=4.4.0.I20140606-1215
java.version=1.8.0_73
java.vendor=Oracle Corporation
BootLoader constants: OS=win32, ARCH=x86_64, WS=win32, NL=en_US
Framework arguments:  -product org.eclipse.epp.package.standard.product
Command-line arguments:  -os win32 -ws win32 -arch x86_64 -product org.eclipse.epp.package.standard.product

!ENTRY org.eclipse.egit.ui 2 0 2016-03-18 11:18:04.149
!MESSAGE Warning: The environment variable HOME is not set. The following directory will be used to store the Git
user global configuration and to define the default location to store repositories: 'C:\Users\lucy'. If this is
not correct please set the HOME environment variable and restart Eclipse. Otherwise Git for Windows and
EGit might behave differently since they see different configuration options.
This warning can be switched off on the Team > Git > Confirmations and Warnings preference page.

!ENTRY org.eclipse.jface 2 0 2016-03-18 14:33:40.545
!MESSAGE Keybinding conflicts occurred.  They may interfere with normal accelerator operation.
!SUBENTRY 1 org.eclipse.jface 2 0 2016-03-18 14:33:40.545
!MESSAGE A conflict occurred for CTRL+SHIFT+T:
Binding(CTRL+SHIFT+T,
	ParameterizedCommand(Command(org.eclipse.jdt.ui.navigate.open.type,Open Type,
		Open a type in a Java editor,
		Category(org.eclipse.ui.category.navigate,Navigate,null,true),
		org.eclipse.ui.internal.WorkbenchHandlerServiceHandler@7337ba43,
		,,true),null),
	org.eclipse.ui.defaultAcceleratorConfiguration,
	org.eclipse.ui.contexts.window,,,system)
Binding(CTRL+SHIFT+T,
	ParameterizedCommand(Command(com.python.pydev.analysis.actions.pyGlobalsBrowserWorkbench,Python Show Global Tokens (Global),
		Python Show Global Tokens (Global),
		Category(org.python.pydev.ui.category.source,PyDev - Editor,PyDev editor category,true),
		org.eclipse.ui.internal.WorkbenchHandlerServiceHandler@69e9f68a,
		,,true),null),
	org.eclipse.ui.defaultAcceleratorConfiguration,
	com.python.pydev.contexts.window,,,system)
Binding(CTRL+SHIFT+T,
	ParameterizedCommand(Command(org.python.pydev.editor.actions.pyShowBrowser,Python Show Global Tokens (Editor),
		Python Show Global Tokens (Editor),
		Category(org.python.pydev.ui.category.source,PyDev - Editor,PyDev editor category,true),
		org.eclipse.ui.internal.WorkbenchHandlerServiceHandler@6d92d46c,
		,,true),null),
	org.eclipse.ui.defaultAcceleratorConfiguration,
	org.python.pydev.ui.editor.scope,,,system)

!ENTRY org.python.pydev.shared_core 4 4 2016-03-18 16:39:21.344
!MESSAGE ERROR reading shell.
ProcessInfo:

 - Executed: C:\Python27\python.exe -u C:\Users\lucy\.eclipse\org.eclipse.platform_4.4.0_2049681907_win32_win32_x86_64\plugins\org.python.pydev_4.3.0.201508182223\pysrc\pycompletionserver.py 53616

 - Environment:
ALLUSERSPROFILE=C:\ProgramData
APPDATA=C:\Users\lucy\AppData\Roaming
ASL.LOG=Destination=file
COMMONPROGRAMFILES(X86)=C:\Program Files (x86)\Common Files
COMMONPROGRAMFILES=C:\Program Files\Common Files
COMMONPROGRAMW6432=C:\Program Files\Common Files
COMPUTERNAME=LUCY-PC
COMSPEC=C:\windows\system32\cmd.exe
FP_NO_HOST_CHECK=NO
HOMEDRIVE=C:
HOMEPATH=\Users\lucy
LOCALAPPDATA=C:\Users\lucy\AppData\Local
LOGONSERVER=\\LUCY-PC
NUMBER_OF_PROCESSORS=4
OS=Windows_NT
PATH=C:/Program Files/Java/jre1.8.0_73/bin/server;C:/Program Files/Java/jre1.8.0_73/bin;C:/Program Files/Java/jre1.8.0_73/lib/amd64;C:\Python27;C:\ProgramData\Oracle\Java\javapath;C:\Windows\System32\;C:\Program Files\MATLAB\R2015b\runtime\win64;C:\Program Files\MATLAB\R2015b\bin;C:\Program Files\nodejs\;C:\Program Files (x86)\Skype\Phone\;C:\Program Files (x86)\DevDesktop\drush;C:\Users\lucy\Anaconda2;C:\Users\lucy\Anaconda2\Scripts;C:\Users\lucy\Anaconda2\Library\bin;C:\RailsInstaller\Git\cmd;C:\RailsInstaller\Ruby2.1.0\bin;C:\Python27;C:\Program Files\Java\jdk1.8.0_20\bin;C:\Users\lucy\AppData\Roaming\npm;C:\Program Files\Java\eclipse;
PATHEXT=.COM;.EXE;.BAT;.CMD;.VBS;.VBE;.JS;.JSE;.WSF;.WSH;.MSC
PROCESSOR_ARCHITECTURE=AMD64
PROCESSOR_IDENTIFIER=Intel64 Family 6 Model 58 Stepping 9, GenuineIntel
PROCESSOR_LEVEL=6
PROCESSOR_REVISION=3a09
PROGRAMDATA=C:\ProgramData
PROGRAMFILES(X86)=C:\Program Files (x86)
PROGRAMFILES=C:\Program Files
PROGRAMW6432=C:\Program Files
PROMPT=$P$G
PSMODULEPATH=C:\windows\system32\WindowsPowerShell\v1.0\Modules\
PUBLIC=C:\Users\Public
PYTHONPATH=C:\Users\lucy\.eclipse\org.eclipse.platform_4.4.0_2049681907_win32_win32_x86_64\plugins\org.python.pydev_4.3.0.201508182223\pysrc\pydev_sitecustomize;C:\Python27\DLLs;C:\Python27\lib;C:\Python27\lib\lib-tk;C:\Python27;C:\Python27\lib\site-packages
SESSIONNAME=Console
SYSTEMDRIVE=C:
SYSTEMROOT=C:\windows
TEMP=;C:\Program Files\Java\jdk1.7.0_07\bin
TMP=C:\Users\lucy\AppData\Local\Temp
USERDOMAIN=lucy-PC
USERNAME=lucy
USERPROFILE=C:\Users\lucy
VBOX_MSI_INSTALL_PATH=C:\Program Files\Oracle\VirtualBox\
WINDIR=C:\windows
WINDOWS_TRACING_FLAGS=3
WINDOWS_TRACING_LOGFILE=C:\BVTBin\Tests\installpackage\csilogfile.log

 - Working Dir:
C:\Program Files\Java\eclipse\..\..\..\Users\lucy\.eclipse\org.eclipse.platform_4.4.0_2049681907_win32_win32_x86_64\plugins\org.python.pydev_4.3.0.201508182223\pysrc

 - OS:
Windows 7

 - Std output:


 - Err output:

!STACK 0
java.nio.channels.ClosedByInterruptException
	at java.nio.channels.spi.AbstractInterruptibleChannel.end(Unknown Source)
	at sun.nio.ch.SocketChannelImpl.write(Unknown Source)
	at java.nio.channels.Channels.writeFullyImpl(Unknown Source)
	at java.nio.channels.Channels.writeFully(Unknown Source)
	at java.nio.channels.Channels.access$000(Unknown Source)
	at java.nio.channels.Channels$1.write(Unknown Source)
	at java.io.OutputStream.write(Unknown Source)
	at org.python.pydev.editor.codecompletion.shell.AbstractShell.write(AbstractShell.java:544)
	at org.python.pydev.editor.codecompletion.shell.AbstractShell.writeAndGetResults(AbstractShell.java:691)
	at org.python.pydev.editor.codecompletion.shell.AbstractShell.getLineCol(AbstractShell.java:776)
	at org.python.pydev.editor.codecompletion.revisited.modules.CompiledModule.findDefinition(CompiledModule.java:596)
	at org.python.pydev.editor.codecompletion.revisited.modules.CompiledModule.findDefinition(CompiledModule.java:1)
	at org.python.pydev.editor.codecompletion.revisited.modules.SourceModule.findGlobalTokDef(SourceModule.java:1097)
	at org.python.pydev.editor.codecompletion.revisited.modules.SourceModule.findDefinitionsFromModAndTok(SourceModule.java:970)
	at org.python.pydev.editor.codecompletion.revisited.modules.SourceModule.findDefinition(SourceModule.java:952)
	at org.python.pydev.editor.codecompletion.revisited.modules.SourceModule.findDefinition(SourceModule.java:665)
	at org.python.pydev.editor.codecompletion.revisited.modules.SourceModule.findDefinition(SourceModule.java:1)
	at org.python.pydev.editor.refactoring.PyRefactoringFindDefinition.findActualDefinition(PyRefactoringFindDefinition.java:182)
	at org.python.pydev.editor.refactoring.PyRefactoringFindDefinition.findActualDefinition(PyRefactoringFindDefinition.java:81)
	at org.python.pydev.editor.hover.PyTextHover.getDocstringHover(PyTextHover.java:200)
	at org.python.pydev.editor.hover.PyTextHover.getHoverInfo(PyTextHover.java:144)
	at org.eclipse.jface.text.TextViewerHoverManager$4.run(TextViewerHoverManager.java:168)
